[2025-05-09 12:14:11:208069598][HikariPool-2 housekeeper] WARN  com.zaxxer.hikari.pool.HikariPool - HikariPool-2 - Thread starvation or clock leap detected (housekeeper delta=1d16h37m14s579ms567?s300ns).
[2025-05-09 12:16:43:208221375][http-nio-8080-exec-2] INFO  o.a.c.c.C.[Tomcat].[localhost].[/] - Initializing Spring DispatcherServlet 'dispatcherServlet'
[2025-05-09 12:16:43:208221376][http-nio-8080-exec-2] INFO  o.s.web.servlet.DispatcherServlet - Initializing Servlet 'dispatcherServlet'
[2025-05-09 12:16:43:208221408][http-nio-8080-exec-2] INFO  o.s.web.servlet.DispatcherServlet - Completed initialization in 31 ms
[2025-05-09 12:17:04:208242829][http-nio-8080-exec-7] DEBUG org.hibernate.SQL - select p1_0.id,p1_0.title,p1_0.tbl,p1_0.grp,u1_0.nick,p1_0.wr_date,p1_0.view_cnt,0,0,p1_0.thumbnail from post p1_0 join user u1_0 on u1_0.id=p1_0.user_id order by p1_0.id desc,p1_0.id limit ?,?
[2025-05-09 12:17:14:208252682][http-nio-8080-exec-3] DEBUG org.hibernate.SQL - select u1_0.id,u1_0.email,u1_0.email_receive,u1_0.nick,u1_0.point,u1_0.pwd,u1_0.region_code,u1_0.role,u1_0.uid from user u1_0 where u1_0.uid=?
[2025-05-09 12:17:14:208252774][http-nio-8080-exec-3] DEBUG org.hibernate.SQL - select u1_0.id,u1_0.email,u1_0.email_receive,u1_0.nick,u1_0.point,u1_0.pwd,u1_0.region_code,u1_0.role,u1_0.uid from user u1_0 where u1_0.uid=?
[2025-05-09 12:21:29:208507653][http-nio-8080-exec-5] DEBUG org.hibernate.SQL - select p1_0.id,p1_0.title,p1_0.tbl,p1_0.grp,u1_0.nick,p1_0.wr_date,p1_0.view_cnt,0,0,p1_0.thumbnail from post p1_0 join user u1_0 on u1_0.id=p1_0.user_id order by p1_0.id desc,p1_0.id limit ?,?
[2025-05-09 12:23:31:208629359][http-nio-8080-exec-9] DEBUG org.hibernate.SQL - select p1_0.id,p1_0.title,p1_0.tbl,p1_0.grp,u1_0.nick,p1_0.wr_date,p1_0.view_cnt,0,0,p1_0.thumbnail from post p1_0 join user u1_0 on u1_0.id=p1_0.user_id order by p1_0.id desc,p1_0.id limit ?,?
[2025-05-09 12:25:43:208761694][http-nio-8080-exec-10] DEBUG org.hibernate.SQL - select p1_0.id,p1_0.title,p1_0.tbl,p1_0.grp,u1_0.nick,p1_0.wr_date,p1_0.view_cnt,0,0,p1_0.thumbnail from post p1_0 join user u1_0 on u1_0.id=p1_0.user_id order by p1_0.id desc,p1_0.id limit ?,?
[2025-05-09 12:26:06:208785115][http-nio-8080-exec-2] DEBUG org.hibernate.SQL - select p1_0.id,p1_0.title,p1_0.tbl,p1_0.grp,u1_0.nick,p1_0.wr_date,p1_0.view_cnt,0,0,p1_0.thumbnail from post p1_0 join user u1_0 on u1_0.id=p1_0.user_id order by p1_0.id desc,p1_0.id limit ?,?
[2025-05-09 12:37:18:209456966][http-nio-8080-exec-3] DEBUG org.hibernate.SQL - select u1_0.id from user u1_0 where u1_0.uid=? or u1_0.nick=? or u1_0.email=? limit ?
[2025-05-09 12:37:18:209457210][http-nio-8080-exec-3] DEBUG org.hibernate.SQL - insert into user (email,email_receive,nick,point,pwd,region_code,role,uid) values (?,?,?,?,?,?,?,?)
[2025-05-09 12:38:37:209536050][File Watcher] INFO  o.s.b.d.a.LocalDevToolsAutoConfiguration$RestartingClassPathChangeChangedEventListener - Restarting due to 1 class path change (0 additions, 0 deletions, 1 modification)
[2025-05-09 12:38:37:209536131][Thread-7] INFO  o.a.coyote.http11.Http11NioProtocol - Pausing ProtocolHandler ["http-nio-8080"]
[2025-05-09 12:38:37:209536132][Thread-7] INFO  o.a.catalina.core.StandardService - Stopping service [Tomcat]
[2025-05-09 12:38:37:209536137][Thread-7] INFO  o.a.c.c.C.[Tomcat].[localhost].[/] - Destroying Spring FrameworkServlet 'dispatcherServlet'
[2025-05-09 12:38:37:209536185][Thread-7] WARN  o.a.c.loader.WebappClassLoaderBase - The web application [ROOT] appears to have started a thread named [lettuce-timer-8-1] but has failed to stop it. This is very likely to create a memory leak. Stack trace of thread:
 java.base@17.0.5/java.lang.Thread.sleep(Native Method)
 app//io.netty.util.HashedWheelTimer$Worker.waitForNextTick(HashedWheelTimer.java:600)
 app//io.netty.util.HashedWheelTimer$Worker.run(HashedWheelTimer.java:496)
 app//io.netty.util.concurrent.FastThreadLocalRunnable.run(FastThreadLocalRunnable.java:30)
 java.base@17.0.5/java.lang.Thread.run(Thread.java:833)
[2025-05-09 12:38:37:209536188][Thread-7] WARN  o.a.c.loader.WebappClassLoaderBase - The web application [ROOT] appears to have started a thread named [HikariPool-2 housekeeper] but has failed to stop it. This is very likely to create a memory leak. Stack trace of thread:
 java.base@17.0.5/jdk.internal.misc.Unsafe.park(Native Method)
 java.base@17.0.5/java.util.concurrent.locks.LockSupport.parkNanos(LockSupport.java:252)
 java.base@17.0.5/java.util.concurrent.locks.AbstractQueuedSynchronizer$ConditionObject.awaitNanos(AbstractQueuedSynchronizer.java:1672)
 java.base@17.0.5/java.util.concurrent.ScheduledThreadPoolExecutor$DelayedWorkQueue.take(ScheduledThreadPoolExecutor.java:1182)
 java.base@17.0.5/java.util.concurrent.ScheduledThreadPoolExecutor$DelayedWorkQueue.take(ScheduledThreadPoolExecutor.java:899)
 java.base@17.0.5/java.util.concurrent.ThreadPoolExecutor.getTask(ThreadPoolExecutor.java:1062)
 java.base@17.0.5/java.util.concurrent.ThreadPoolExecutor.runWorker(ThreadPoolExecutor.java:1122)
 java.base@17.0.5/java.util.concurrent.ThreadPoolExecutor$Worker.run(ThreadPoolExecutor.java:635)
 java.base@17.0.5/java.lang.Thread.run(Thread.java:833)
[2025-05-09 12:38:37:209536191][Thread-7] WARN  o.a.c.loader.WebappClassLoaderBase - The web application [ROOT] appears to have started a thread named [lettuce-nioEventLoop-11-1] but has failed to stop it. This is very likely to create a memory leak. Stack trace of thread:
 java.base@17.0.5/sun.nio.ch.WEPoll.wait(Native Method)
 java.base@17.0.5/sun.nio.ch.WEPollSelectorImpl.doSelect(WEPollSelectorImpl.java:111)
 java.base@17.0.5/sun.nio.ch.SelectorImpl.lockAndDoSelect(SelectorImpl.java:129)
 java.base@17.0.5/sun.nio.ch.SelectorImpl.select(SelectorImpl.java:146)
 app//io.netty.channel.nio.SelectedSelectionKeySetSelector.select(SelectedSelectionKeySetSelector.java:68)
 app//io.netty.channel.nio.NioEventLoop.select(NioEventLoop.java:879)
 app//io.netty.channel.nio.NioEventLoop.run(NioEventLoop.java:526)
 app//io.netty.util.concurrent.SingleThreadEventExecutor$4.run(SingleThreadEventExecutor.java:997)
 app//io.netty.util.internal.ThreadExecutorMap$2.run(ThreadExecutorMap.java:74)
 app//io.netty.util.concurrent.FastThreadLocalRunnable.run(FastThreadLocalRunnable.java:30)
 java.base@17.0.5/java.lang.Thread.run(Thread.java:833)
[2025-05-09 12:38:37:209536206][Thread-7] INFO  o.a.coyote.http11.Http11NioProtocol - Stopping ProtocolHandler ["http-nio-8080"]
[2025-05-09 12:38:37:209536219][Thread-7] INFO  o.a.coyote.http11.Http11NioProtocol - Destroying ProtocolHandler ["http-nio-8080"]
[2025-05-09 12:38:37:209536244][Thread-7] INFO  o.s.o.j.LocalContainerEntityManagerFactoryBean - Closing JPA EntityManagerFactory for persistence unit 'default'
[2025-05-09 12:38:37:209536248][Thread-7] INFO  com.zaxxer.hikari.HikariDataSource - HikariPool-2 - Shutdown initiated...
[2025-05-09 12:38:37:209536264][Thread-7] INFO  com.zaxxer.hikari.HikariDataSource - HikariPool-2 - Shutdown completed.
[2025-05-09 12:38:38:209536821][restartedMain] INFO  com.clipmkApplication - Starting clipmkApplication using Java 17.0.5 with PID 7176 (C:\Users\mhy54\OneDrive\πŸ≈¡ »≠∏È\clipmk\bin\main started by mhy54 in C:\Users\mhy54\OneDrive\πŸ≈¡ »≠∏È\clipmk)
[2025-05-09 12:38:38:209536823][restartedMain] INFO  com.clipmkApplication - No active profile set, falling back to 1 default profile: "default"
[2025-05-09 12:38:39:209537819][restartedMain] INFO  o.s.d.r.c.RepositoryConfigurationDelegate - Multiple Spring Data modules found, entering strict repository configuration mode
[2025-05-09 12:38:39:209537820][restartedMain] INFO  o.s.d.r.c.RepositoryConfigurationDelegate - Bootstrapping Spring Data Redis repositories in DEFAULT mode.
[2025-05-09 12:38:39:209537830][restartedMain] INFO  o.s.d.r.c.RepositoryConfigurationDelegate - Finished Spring Data repository scanning in 9 ms. Found 0 Redis repository interfaces.
[2025-05-09 12:38:39:209537944][restartedMain] INFO  o.s.d.r.c.RepositoryConfigurationDelegate - Multiple Spring Data modules found, entering strict repository configuration mode
[2025-05-09 12:38:39:209537944][restartedMain] INFO  o.s.d.r.c.RepositoryConfigurationDelegate - Bootstrapping Spring Data JPA repositories in DEFAULT mode.
[2025-05-09 12:38:44:209543136][restartedMain] INFO  o.s.d.r.c.RepositoryConfigurationDelegate - Finished Spring Data repository scanning in 5186 ms. Found 9 JPA repository interfaces.
[2025-05-09 12:38:44:209543157][restartedMain] INFO  o.s.d.r.c.RepositoryConfigurationDelegate - Multiple Spring Data modules found, entering strict repository configuration mode
[2025-05-09 12:38:44:209543159][restartedMain] INFO  o.s.d.r.c.RepositoryConfigurationDelegate - Bootstrapping Spring Data Redis repositories in DEFAULT mode.
[2025-05-09 12:38:45:209543432][restartedMain] INFO  o.s.d.r.c.RepositoryConfigurationExtensionSupport - Spring Data Redis - Could not safely identify store assignment for repository candidate interface com.clipmk.barter.repository.BarterRepository; If you want this repository to be a Redis repository, consider annotating your entities with one of these annotations: org.springframework.data.redis.core.RedisHash (preferred), or consider extending one of the following types with your repository: org.springframework.data.keyvalue.repository.KeyValueRepository
[2025-05-09 12:38:45:209543433][restartedMain] INFO  o.s.d.r.c.RepositoryConfigurationExtensionSupport - Spring Data Redis - Could not safely identify store assignment for repository candidate interface com.clipmk.barter.repository.DealRepository; If you want this repository to be a Redis repository, consider annotating your entities with one of these annotations: org.springframework.data.redis.core.RedisHash (preferred), or consider extending one of the following types with your repository: org.springframework.data.keyvalue.repository.KeyValueRepository
[2025-05-09 12:38:45:209543434][restartedMain] INFO  o.s.d.r.c.RepositoryConfigurationExtensionSupport - Spring Data Redis - Could not safely identify store assignment for repository candidate interface com.clipmk.board.repository.BoardRepository; If you want this repository to be a Redis repository, consider annotating your entities with one of these annotations: org.springframework.data.redis.core.RedisHash (preferred), or consider extending one of the following types with your repository: org.springframework.data.keyvalue.repository.KeyValueRepository
[2025-05-09 12:38:45:209543435][restartedMain] INFO  o.s.d.r.c.RepositoryConfigurationExtensionSupport - Spring Data Redis - Could not safely identify store assignment for repository candidate interface com.clipmk.board.repository.CommentRepository; If you want this repository to be a Redis repository, consider annotating your entities with one of these annotations: org.springframework.data.redis.core.RedisHash (preferred), or consider extending one of the following types with your repository: org.springframework.data.keyvalue.repository.KeyValueRepository
[2025-05-09 12:38:45:209543435][restartedMain] INFO  o.s.d.r.c.RepositoryConfigurationExtensionSupport - Spring Data Redis - Could not safely identify store assignment for repository candidate interface com.clipmk.category.repository.CategoryRepository; If you want this repository to be a Redis repository, consider annotating your entities with one of these annotations: org.springframework.data.redis.core.RedisHash (preferred), or consider extending one of the following types with your repository: org.springframework.data.keyvalue.repository.KeyValueRepository
[2025-05-09 12:38:45:209543436][restartedMain] INFO  o.s.d.r.c.RepositoryConfigurationExtensionSupport - Spring Data Redis - Could not safely identify store assignment for repository candidate interface com.clipmk.chat.repository.ChatMessageRepository; If you want this repository to be a Redis repository, consider annotating your entities with one of these annotations: org.springframework.data.redis.core.RedisHash (preferred), or consider extending one of the following types with your repository: org.springframework.data.keyvalue.repository.KeyValueRepository
[2025-05-09 12:38:45:209543437][restartedMain] INFO  o.s.d.r.c.RepositoryConfigurationExtensionSupport - Spring Data Redis - Could not safely identify store assignment for repository candidate interface com.clipmk.chat.repository.ChatRoomRepository; If you want this repository to be a Redis repository, consider annotating your entities with one of these annotations: org.springframework.data.redis.core.RedisHash (preferred), or consider extending one of the following types with your repository: org.springframework.data.keyvalue.repository.KeyValueRepository
[2025-05-09 12:38:45:209543437][restartedMain] INFO  o.s.d.r.c.RepositoryConfigurationExtensionSupport - Spring Data Redis - Could not safely identify store assignment for repository candidate interface com.clipmk.region.repository.RegionRepository; If you want this repository to be a Redis repository, consider annotating your entities with one of these annotations: org.springframework.data.redis.core.RedisHash (preferred), or consider extending one of the following types with your repository: org.springframework.data.keyvalue.repository.KeyValueRepository
[2025-05-09 12:38:45:209543438][restartedMain] INFO  o.s.d.r.c.RepositoryConfigurationExtensionSupport - Spring Data Redis - Could not safely identify store assignment for repository candidate interface com.clipmk.user.repository.UserRepository; If you want this repository to be a Redis repository, consider annotating your entities with one of these annotations: org.springframework.data.redis.core.RedisHash (preferred), or consider extending one of the following types with your repository: org.springframework.data.keyvalue.repository.KeyValueRepository
[2025-05-09 12:38:45:209543439][restartedMain] INFO  o.s.d.r.c.RepositoryConfigurationDelegate - Finished Spring Data repository scanning in 277 ms. Found 0 Redis repository interfaces.
[2025-05-09 12:38:45:209543768][restartedMain] INFO  c.u.j.c.EnableEncryptablePropertiesBeanFactoryPostProcessor - Post-processing PropertySource instances
[2025-05-09 12:38:45:209543769][restartedMain] INFO  c.u.j.EncryptablePropertySourceConverter - Skipping PropertySource configurationProperties [class org.springframework.boot.context.properties.source.ConfigurationPropertySourcesPropertySource
[2025-05-09 12:38:45:209543769][restartedMain] INFO  c.u.j.EncryptablePropertySourceConverter - Skipping PropertySource servletConfigInitParams [class org.springframework.core.env.PropertySource$StubPropertySource
[2025-05-09 12:38:45:209543769][restartedMain] INFO  c.u.j.EncryptablePropertySourceConverter - Skipping PropertySource servletContextInitParams [class org.springframework.core.env.PropertySource$StubPropertySource
[2025-05-09 12:38:45:209543770][restartedMain] INFO  c.u.j.EncryptablePropertySourceConverter - Converting PropertySource systemProperties [org.springframework.core.env.PropertiesPropertySource] to EncryptableMapPropertySourceWrapper
[2025-05-09 12:38:45:209543770][restartedMain] INFO  c.u.j.EncryptablePropertySourceConverter - Converting PropertySource systemEnvironment [org.springframework.boot.env.SystemEnvironmentPropertySourceEnvironmentPostProcessor$OriginAwareSystemEnvironmentPropertySource] to EncryptableSystemEnvironmentPropertySourceWrapper
[2025-05-09 12:38:45:209543771][restartedMain] INFO  c.u.j.EncryptablePropertySourceConverter - Converting PropertySource random [org.springframework.boot.env.RandomValuePropertySource] to EncryptablePropertySourceWrapper
[2025-05-09 12:38:45:209543771][restartedMain] INFO  c.u.j.EncryptablePropertySourceConverter - Converting PropertySource Config resource 'class path resource [application.yml]' via location 'optional:classpath:/' [org.springframework.boot.env.OriginTrackedMapPropertySource] to EncryptableMapPropertySourceWrapper
[2025-05-09 12:38:45:209543771][restartedMain] INFO  c.u.j.EncryptablePropertySourceConverter - Converting PropertySource devtools [org.springframework.core.env.MapPropertySource] to EncryptableMapPropertySourceWrapper
[2025-05-09 12:38:45:209543811][restartedMain] INFO  c.u.j.f.DefaultLazyPropertyFilter - Property Filter custom Bean not found with name 'encryptablePropertyFilter'. Initializing Default Property Filter
[2025-05-09 12:38:45:209543819][restartedMain] INFO  c.u.j.r.DefaultLazyPropertyResolver - Property Resolver custom Bean not found with name 'encryptablePropertyResolver'. Initializing Default Property Resolver
[2025-05-09 12:38:45:209543821][restartedMain] INFO  c.u.j.d.DefaultLazyPropertyDetector - Property Detector custom Bean not found with name 'encryptablePropertyDetector'. Initializing Default Property Detector
[2025-05-09 12:38:45:209543940][restartedMain] INFO  o.s.b.w.e.tomcat.TomcatWebServer - Tomcat initialized with port(s): 8080 (http)
[2025-05-09 12:38:45:209543942][restartedMain] INFO  o.a.coyote.http11.Http11NioProtocol - Initializing ProtocolHandler ["http-nio-8080"]
[2025-05-09 12:38:45:209543944][restartedMain] INFO  o.a.catalina.core.StandardService - Starting service [Tomcat]
[2025-05-09 12:38:45:209543945][restartedMain] INFO  o.a.catalina.core.StandardEngine - Starting Servlet engine: [Apache Tomcat/10.1.10]
[2025-05-09 12:38:45:209544101][restartedMain] INFO  o.a.c.c.C.[Tomcat].[localhost].[/] - Initializing Spring embedded WebApplicationContext
[2025-05-09 12:38:45:209544102][restartedMain] INFO  o.s.b.w.s.c.ServletWebServerApplicationContext - Root WebApplicationContext: initialization completed in 7264 ms
[2025-05-09 12:38:45:209544136][restartedMain] WARN  o.s.c.LocalVariableTableParameterNameDiscoverer - Using deprecated '-debug' fallback for parameter name resolution. Compile the affected code with '-parameters' instead or avoid its introspection: com.global.config.TokenProvider
[2025-05-09 12:38:46:209544378][restartedMain] INFO  o.h.jpa.internal.util.LogHelper - HHH000204: Processing PersistenceUnitInfo [name: default]
[2025-05-09 12:38:46:209544617][restartedMain] INFO  o.h.b.i.BytecodeProviderInitiator - HHH000021: Bytecode provider name : bytebuddy
[2025-05-09 12:38:46:209544618][restartedMain] INFO  o.s.o.j.p.SpringPersistenceUnitInfo - No LoadTimeWeaver setup: ignoring JPA class transformer
[2025-05-09 12:38:46:209544623][restartedMain] INFO  com.zaxxer.hikari.HikariDataSource - HikariPool-3 - Starting...
[2025-05-09 12:38:46:209544643][restartedMain] INFO  com.zaxxer.hikari.pool.HikariPool - HikariPool-3 - Added connection org.mariadb.jdbc.Connection@7cb098c1
[2025-05-09 12:38:46:209544644][restartedMain] INFO  com.zaxxer.hikari.HikariDataSource - HikariPool-3 - Start completed.
[2025-05-09 12:38:46:209544649][restartedMain] WARN  org.hibernate.orm.deprecation - HHH90000026: MariaDB106Dialect has been deprecated
[2025-05-09 12:38:46:209544653][restartedMain] DEBUG o.h.t.d.sql.spi.DdlTypeRegistry - addDescriptor(12, org.hibernate.type.descriptor.sql.internal.CapacityDependentDdlType@43b63fe3) replaced previous registration(org.hibernate.type.descriptor.sql.internal.CapacityDependentDdlType@77518e91)
[2025-05-09 12:38:46:209544654][restartedMain] DEBUG o.h.t.d.sql.spi.DdlTypeRegistry - addDescriptor(-9, org.hibernate.type.descriptor.sql.internal.CapacityDependentDdlType@24025d9f) replaced previous registration(org.hibernate.type.descriptor.sql.internal.CapacityDependentDdlType@50d5f855)
[2025-05-09 12:38:46:209544655][restartedMain] DEBUG o.h.t.d.sql.spi.DdlTypeRegistry - addDescriptor(-3, org.hibernate.type.descriptor.sql.internal.CapacityDependentDdlType@22ee8c8b) replaced previous registration(org.hibernate.type.descriptor.sql.internal.CapacityDependentDdlType@59b0bb41)
[2025-05-09 12:38:46:209544656][restartedMain] DEBUG o.h.t.d.sql.spi.DdlTypeRegistry - addDescriptor(4003, org.hibernate.type.descriptor.sql.internal.DdlTypeImpl@6f68eb4d) replaced previous registration(org.hibernate.type.descriptor.sql.internal.DdlTypeImpl@1000b1a5)
[2025-05-09 12:38:46:209544657][restartedMain] DEBUG o.h.t.d.sql.spi.DdlTypeRegistry - addDescriptor(4001, org.hibernate.type.descriptor.sql.internal.DdlTypeImpl@465cfdfa) replaced previous registration(org.hibernate.type.descriptor.sql.internal.DdlTypeImpl@1a6a2cc3)
[2025-05-09 12:38:46:209544657][restartedMain] DEBUG o.h.t.d.sql.spi.DdlTypeRegistry - addDescriptor(4002, org.hibernate.type.descriptor.sql.internal.DdlTypeImpl@32f09e40) replaced previous registration(org.hibernate.type.descriptor.sql.internal.DdlTypeImpl@27e89c22)
[2025-05-09 12:38:46:209544658][restartedMain] DEBUG o.h.t.d.sql.spi.DdlTypeRegistry - addDescriptor(2004, org.hibernate.type.descriptor.sql.internal.CapacityDependentDdlType@6fa0608) replaced previous registration(org.hibernate.type.descriptor.sql.internal.DdlTypeImpl@4dbd2e20)
[2025-05-09 12:38:46:209544659][restartedMain] DEBUG o.h.t.d.sql.spi.DdlTypeRegistry - addDescriptor(2005, org.hibernate.type.descriptor.sql.internal.CapacityDependentDdlType@7b89ab49) replaced previous registration(org.hibernate.type.descriptor.sql.internal.DdlTypeImpl@18e33196)
[2025-05-09 12:38:46:209544660][restartedMain] DEBUG o.h.t.d.sql.spi.DdlTypeRegistry - addDescriptor(2011, org.hibernate.type.descriptor.sql.internal.CapacityDependentDdlType@4e7faec4) replaced previous registration(org.hibernate.type.descriptor.sql.internal.DdlTypeImpl@6a975505)
[2025-05-09 12:38:46:209544904][restartedMain] INFO  o.h.b.i.BytecodeProviderInitiator - HHH000021: Bytecode provider name : bytebuddy
[2025-05-09 12:38:46:209545082][restartedMain] INFO  o.h.m.i.EntityInstantiatorPojoStandard - HHH000182: No default (no-argument) constructor for class: com.clipmk.category.entity.Category (class must be instantiated by Interceptor)
[2025-05-09 12:38:46:209545163][restartedMain] INFO  o.h.e.t.j.p.i.JtaPlatformInitiator - HHH000490: Using JtaPlatform implementation: [org.hibernate.engine.transaction.jta.platform.internal.NoJtaPlatform]
[2025-05-09 12:38:46:209545221][restartedMain] DEBUG org.hibernate.SQL - alter table chat_message modify column created_at  datetime(6)
[2025-05-09 12:38:46:209545240][restartedMain] DEBUG org.hibernate.SQL - alter table chat_room modify column created_at  datetime(6)
[2025-05-09 12:38:46:209545251][restartedMain] DEBUG org.hibernate.SQL - alter table comment modify column del_date  datetime(6)
[2025-05-09 12:38:46:209545261][restartedMain] DEBUG org.hibernate.SQL - alter table comment modify column wr_date  datetime(6)
[2025-05-09 12:38:46:209545279][restartedMain] DEBUG org.hibernate.SQL - alter table deal modify column cmp_date  datetime(6)
[2025-05-09 12:38:46:209545290][restartedMain] DEBUG org.hibernate.SQL - alter table deal modify column del_date  datetime(6)
[2025-05-09 12:38:46:209545304][restartedMain] DEBUG org.hibernate.SQL - alter table deal modify column wr_date  datetime(6)
[2025-05-09 12:38:47:209545324][restartedMain] DEBUG org.hibernate.SQL - alter table item modify column del_date  datetime(6)
[2025-05-09 12:38:47:209545345][restartedMain] DEBUG org.hibernate.SQL - alter table item modify column re_date  datetime(6)
[2025-05-09 12:38:47:209545368][restartedMain] DEBUG org.hibernate.SQL - alter table item modify column wr_date  datetime(6)
[2025-05-09 12:38:47:209545387][restartedMain] DEBUG org.hibernate.SQL - alter table post modify column del_date  datetime(6)
[2025-05-09 12:38:47:209545400][restartedMain] DEBUG org.hibernate.SQL - alter table post modify column re_date  datetime(6)
[2025-05-09 12:38:47:209545417][restartedMain] DEBUG org.hibernate.SQL - alter table post modify column wr_date  datetime(6)
[2025-05-09 12:38:47:209545446][restartedMain] DEBUG org.hibernate.SQL - alter table post_reactions modify column type  enum ('DOWN','UP')
[2025-05-09 12:38:47:209545467][restartedMain] DEBUG org.hibernate.SQL - alter table user modify column role  enum ('ADMIN','USER')
[2025-05-09 12:38:47:209545678][restartedMain] INFO  o.s.o.j.LocalContainerEntityManagerFactoryBean - Initialized JPA EntityManagerFactory for persistence unit 'default'
[2025-05-09 12:38:47:209545824][restartedMain] WARN  o.s.c.LocalVariableTableParameterNameDiscoverer - Using deprecated '-debug' fallback for parameter name resolution. Compile the affected code with '-parameters' instead or avoid its introspection: com.clipmk.user.repository.UserRepository
[2025-05-09 12:38:47:209545924][restartedMain] WARN  o.s.c.LocalVariableTableParameterNameDiscoverer - Using deprecated '-debug' fallback for parameter name resolution. Compile the affected code with '-parameters' instead or avoid its introspection: com.infra.email.service.MailService
[2025-05-09 12:38:47:209545994][restartedMain] WARN  o.s.c.LocalVariableTableParameterNameDiscoverer - Using deprecated '-debug' fallback for parameter name resolution. Compile the affected code with '-parameters' instead or avoid its introspection: com.clipmk.barter.repository.BarterRepository
[2025-05-09 12:38:47:209546059][restartedMain] WARN  o.s.c.LocalVariableTableParameterNameDiscoverer - Using deprecated '-debug' fallback for parameter name resolution. Compile the affected code with '-parameters' instead or avoid its introspection: com.clipmk.barter.repository.DealRepository
[2025-05-09 12:38:47:209546086][restartedMain] WARN  o.s.c.LocalVariableTableParameterNameDiscoverer - Using deprecated '-debug' fallback for parameter name resolution. Compile the affected code with '-parameters' instead or avoid its introspection: com.clipmk.region.repository.RegionRepository
[2025-05-09 12:38:47:209546176][restartedMain] WARN  o.s.c.LocalVariableTableParameterNameDiscoverer - Using deprecated '-debug' fallback for parameter name resolution. Compile the affected code with '-parameters' instead or avoid its introspection: com.clipmk.board.repository.BoardRepository
[2025-05-09 12:38:47:209546260][restartedMain] WARN  o.s.c.LocalVariableTableParameterNameDiscoverer - Using deprecated '-debug' fallback for parameter name resolution. Compile the affected code with '-parameters' instead or avoid its introspection: com.clipmk.board.repository.CommentRepository
[2025-05-09 12:38:48:209546447][restartedMain] WARN  o.s.b.a.o.j.JpaBaseConfiguration$JpaWebConfiguration - spring.jpa.open-in-view is enabled by default. Therefore, database queries may be performed during view rendering. Explicitly configure spring.jpa.open-in-view to disable this warning
[2025-05-09 12:38:48:209546742][restartedMain] INFO  o.s.s.w.DefaultSecurityFilterChain - Will secure any request with [org.springframework.security.web.session.DisableEncodeUrlFilter@4aa5cfbb, org.springframework.security.web.context.request.async.WebAsyncManagerIntegrationFilter@6ead2814, org.springframework.security.web.context.SecurityContextHolderFilter@73fa369c, org.springframework.security.web.header.HeaderWriterFilter@53f9362, org.springframework.security.web.authentication.logout.LogoutFilter@1ed64950, org.springframework.security.web.savedrequest.RequestCacheAwareFilter@904ba1d, org.springframework.security.web.servletapi.SecurityContextHolderAwareRequestFilter@4567e9d0, org.springframework.security.web.authentication.AnonymousAuthenticationFilter@1473bcf, org.springframework.security.web.access.ExceptionTranslationFilter@73c7ed00, org.springframework.security.web.access.intercept.AuthorizationFilter@ea9e24f]
[2025-05-09 12:38:48:209546995][restartedMain] WARN  o.s.c.LocalVariableTableParameterNameDiscoverer - Using deprecated '-debug' fallback for parameter name resolution. Compile the affected code with '-parameters' instead or avoid its introspection: com.clipmk.chat.repository.ChatMessageRepository
[2025-05-09 12:38:48:209547031][restartedMain] WARN  o.s.c.LocalVariableTableParameterNameDiscoverer - Using deprecated '-debug' fallback for parameter name resolution. Compile the affected code with '-parameters' instead or avoid its introspection: com.clipmk.chat.repository.ChatRoomRepository
[2025-05-09 12:38:48:209547050][restartedMain] WARN  o.s.c.LocalVariableTableParameterNameDiscoverer - Using deprecated '-debug' fallback for parameter name resolution. Compile the affected code with '-parameters' instead or avoid its introspection: com.clipmk.category.entity.Category
[2025-05-09 12:38:48:209547188][restartedMain] INFO  o.s.b.d.a.OptionalLiveReloadServer - LiveReload server is running on port 35729
[2025-05-09 12:38:48:209547236][restartedMain] INFO  o.a.coyote.http11.Http11NioProtocol - Starting ProtocolHandler ["http-nio-8080"]
[2025-05-09 12:38:48:209547282][restartedMain] INFO  o.s.b.w.e.tomcat.TomcatWebServer - Tomcat started on port(s): 8080 (http) with context path ''
[2025-05-09 12:38:48:209547285][restartedMain] INFO  c.u.j.c.RefreshScopeRefreshedEventListener - Refreshing cached encryptable property sources on ServletWebServerInitializedEvent
[2025-05-09 12:38:48:209547286][http-nio-8080-exec-2] INFO  o.a.c.c.C.[Tomcat].[localhost].[/] - Initializing Spring DispatcherServlet 'dispatcherServlet'
[2025-05-09 12:38:48:209547287][http-nio-8080-exec-2] INFO  o.s.web.servlet.DispatcherServlet - Initializing Servlet 'dispatcherServlet'
[2025-05-09 12:38:48:209547286][restartedMain] INFO  c.u.j.c.CachingDelegateEncryptablePropertySource - Property Source systemProperties refreshed
[2025-05-09 12:38:48:209547291][restartedMain] INFO  c.u.j.c.CachingDelegateEncryptablePropertySource - Property Source systemEnvironment refreshed
[2025-05-09 12:38:48:209547294][restartedMain] INFO  c.u.j.c.CachingDelegateEncryptablePropertySource - Property Source random refreshed
[2025-05-09 12:38:48:209547295][restartedMain] INFO  c.u.j.c.CachingDelegateEncryptablePropertySource - Property Source Config resource 'class path resource [application.yml]' via location 'optional:classpath:/' refreshed
[2025-05-09 12:38:48:209547298][restartedMain] INFO  c.u.j.c.CachingDelegateEncryptablePropertySource - Property Source devtools refreshed
[2025-05-09 12:38:48:209547300][http-nio-8080-exec-2] INFO  o.s.web.servlet.DispatcherServlet - Completed initialization in 11 ms
[2025-05-09 12:38:48:209547300][restartedMain] INFO  c.u.j.EncryptablePropertySourceConverter - Skipping PropertySource configurationProperties [class org.springframework.boot.context.properties.source.ConfigurationPropertySourcesPropertySource
[2025-05-09 12:38:48:209547302][restartedMain] INFO  c.u.j.EncryptablePropertySourceConverter - Skipping PropertySource servletConfigInitParams [class org.springframework.core.env.PropertySource$StubPropertySource
[2025-05-09 12:38:48:209547303][restartedMain] INFO  c.u.j.EncryptablePropertySourceConverter - Converting PropertySource servletContextInitParams [org.springframework.web.context.support.ServletContextPropertySource] to EncryptableEnumerablePropertySourceWrapper
[2025-05-09 12:38:49:209547330][restartedMain] INFO  com.clipmkApplication - Started clipmkApplication in 10.673 seconds (process running for 209562.538)
[2025-05-09 12:38:49:209547344][restartedMain] INFO  o.s.b.d.a.ConditionEvaluationDeltaLoggingListener - Condition evaluation unchanged
[2025-05-09 12:39:02:209560855][http-nio-8080-exec-6] DEBUG org.hibernate.SQL - select u1_0.id from user u1_0 where u1_0.uid=? or u1_0.nick=? or u1_0.email=? limit ?
[2025-05-09 12:39:02:209561007][http-nio-8080-exec-6] DEBUG org.hibernate.SQL - insert into user (email,email_receive,nick,point,pwd,region_code,role,uid) values (?,?,?,?,?,?,?,?)
[2025-05-09 12:43:48:209846608][http-nio-8080-exec-5] DEBUG org.hibernate.SQL - select p1_0.id,p1_0.title,p1_0.tbl,p1_0.grp,u1_0.nick,p1_0.wr_date,p1_0.view_cnt,0,0,p1_0.thumbnail from post p1_0 join user u1_0 on u1_0.id=p1_0.user_id order by p1_0.id desc,p1_0.id limit ?,?
[2025-05-09 12:44:01:209860153][http-nio-8080-exec-10] DEBUG org.hibernate.SQL - select p1_0.id,p1_0.title,p1_0.tbl,p1_0.grp,u1_0.nick,p1_0.wr_date,p1_0.view_cnt,0,0,p1_0.thumbnail from post p1_0 join user u1_0 on u1_0.id=p1_0.user_id order by p1_0.id desc,p1_0.id limit ?,?
[2025-05-09 12:44:39:209897369][http-nio-8080-exec-1] DEBUG org.hibernate.SQL - select u1_0.id,u1_0.email,u1_0.email_receive,u1_0.nick,u1_0.point,u1_0.pwd,u1_0.region_code,u1_0.role,u1_0.uid from user u1_0 where u1_0.uid=?
[2025-05-09 12:44:39:209897462][http-nio-8080-exec-1] DEBUG org.hibernate.SQL - select u1_0.id,u1_0.email,u1_0.email_receive,u1_0.nick,u1_0.point,u1_0.pwd,u1_0.region_code,u1_0.role,u1_0.uid from user u1_0 where u1_0.uid=?
